<?xml version="1.0" encoding="UTF-8"?>
<testsuite name="JUnit Jupiter" tests="0" skipped="0" failures="0" errors="0" time="0.009" hostname="master.openshift.example.com" timestamp="2020-03-22T02:38:55">
<properties>
<property name="awt.toolkit" value="sun.awt.X11.XToolkit"/>
<property name="file.encoding" value="UTF-8"/>
<property name="file.encoding.pkg" value="sun.io"/>
<property name="file.separator" value="/"/>
<property name="java.awt.graphicsenv" value="sun.awt.X11GraphicsEnvironment"/>
<property name="java.awt.printerjob" value="sun.print.PSPrinterJob"/>
<property name="java.class.path" value="/tmp/jak/dekorate/examples/spring-boot-with-gradle-on-openshift-example/build/classes/java/test:/tmp/jak/dekorate/examples/spring-boot-with-gradle-on-openshift-example/build/classes/groovy/test:/tmp/jak/dekorate/examples/spring-boot-with-gradle-on-openshift-example/build/resources/test:/tmp/jak/dekorate/examples/spring-boot-with-gradle-on-openshift-example/build/classes/java/main:/tmp/jak/dekorate/examples/spring-boot-with-gradle-on-openshift-example/build/classes/groovy/main:/tmp/jak/dekorate/examples/spring-boot-with-gradle-on-openshift-example/build/resources/main:/root/.gradle/caches/modules-2/files-2.1/io.dekorate/openshift-spring-starter/0.10.0/88b220cfbdd18a5b0f9994b8d583f60dca90f202/openshift-spring-starter-0.10.0.jar:/root/.gradle/caches/modules-2/files-2.1/org.springframework.boot/spring-boot-starter-web/2.1.1.RELEASE/fccdac7bbd88561a33868101813d9210bd7a13b9/spring-boot-starter-web-2.1.1.RELEASE.jar:/root/.gradle/caches/modules-2/files-2.1/org.springframework.boot/spring-boot-starter-actuator/2.1.1.RELEASE/65b5ee49303dc91c140760fa2baa06be5199387/spring-boot-starter-actuator-2.1.1.RELEASE.jar:/root/.gradle/caches/modules-2/files-2.1/org.codehaus.groovy/groovy/2.5.4/86b94e2949bcff3a13b7ad200e4c5299b52ad994/groovy-2.5.4.jar:/root/.gradle/caches/modules-2/files-2.1/io.dekorate/openshift-junit/0.10.0/55ee04c624fc6f01b1df50b5d42da34f6bf08bfc/openshift-junit-0.10.0.jar:/root/.gradle/caches/modules-2/files-2.1/io.dekorate/core-junit/0.10.0/a93be08694bb305fa207318902b0c7ed700ab136/core-junit-0.10.0.jar:/root/.gradle/caches/modules-2/files-2.1/org.junit.jupiter/junit-jupiter-engine/5.3.1/e2676b1786c57a80eb98f5bebd51a3d05e228c40/junit-jupiter-engine-5.3.1.jar:/root/.gradle/caches/modules-2/files-2.1/io.dekorate/option-annotations/0.10.0/9e067da3f17561fdb336b04c74dee918f61236ba/option-annotations-0.10.0-annotations.jar:/root/.gradle/caches/modules-2/files-2.1/io.dekorate/option-annotations/0.10.0/78c09057ed3488e49c775a6fa1cbc50283249262/option-annotations-0.10.0-processors.jar:/root/.gradle/caches/modules-2/files-2.1/io.dekorate/openshift-annotations/0.10.0/3f0d85d8195a5c37fed8ecbfab9c2579508b0545/openshift-annotations-0.10.0-annotations.jar:/root/.gradle/caches/modules-2/files-2.1/io.dekorate/openshift-annotations/0.10.0/c2239f838d48c9450462d2ee390813128b44bad/openshift-annotations-0.10.0-processors.jar:/root/.gradle/caches/modules-2/files-2.1/io.dekorate/openshift-annotations/0.10.0/3c8f6180394ee30cdbeccb0c31fe8c6fce65760c/openshift-annotations-0.10.0.jar:/root/.gradle/caches/modules-2/files-2.1/io.dekorate/servicecatalog-annotations/0.10.0/80213928acb36e349dc750b11b6f0027ab884711/servicecatalog-annotations-0.10.0-annotations.jar:/root/.gradle/caches/modules-2/files-2.1/io.dekorate/servicecatalog-annotations/0.10.0/f1f3119da52a2c0e76dc933135a67048a60047b5/servicecatalog-annotations-0.10.0-processors.jar:/root/.gradle/caches/modules-2/files-2.1/io.dekorate/dekorate-spring-boot/0.10.0/82916503f9317bf5382504d75911f88e68ef2172/dekorate-spring-boot-0.10.0.jar:/root/.gradle/caches/modules-2/files-2.1/org.springframework.boot/spring-boot-starter-json/2.1.1.RELEASE/5fc133c1c1858020dd8df5192eaeea747c8b6e60/spring-boot-starter-json-2.1.1.RELEASE.jar:/root/.gradle/caches/modules-2/files-2.1/org.springframework.boot/spring-boot-starter/2.1.1.RELEASE/71df6742de72887214813ff03ae0b6ec4bbcf899/spring-boot-starter-2.1.1.RELEASE.jar:/root/.gradle/caches/modules-2/files-2.1/org.springframework.boot/spring-boot-starter-tomcat/2.1.1.RELEASE/4cbaa992fa5509edc74d9543ab5f8f14e20fb197/spring-boot-starter-tomcat-2.1.1.RELEASE.jar:/root/.gradle/caches/modules-2/files-2.1/org.hibernate.validator/hibernate-validator/6.0.13.Final/af4232bf90ecd33c71147d67185dbb1cfe8f33df/hibernate-validator-6.0.13.Final.jar:/root/.gradle/caches/modules-2/files-2.1/org.springframework/spring-webmvc/5.1.3.RELEASE/2ff9c2ddccaafd5b55756ceb4a65f02acb3b847a/spring-webmvc-5.1.3.RELEASE.jar:/root/.gradle/caches/modules-2/files-2.1/org.springframework/spring-web/5.1.3.RELEASE/c875df33e6c5ac0df53e727a08d42b316e69918b/spring-web-5.1.3.RELEASE.jar:/root/.gradle/caches/modules-2/files-2.1/org.springframework.boot/spring-boot-actuator-autoconfigure/2.1.1.RELEASE/b1dee8c53471db2b6af1a55c1d8db32b3811ea0d/spring-boot-actuator-autoconfigure-2.1.1.RELEASE.jar:/root/.gradle/caches/modules-2/files-2.1/io.micrometer/micrometer-core/1.1.1/5f8063266f548b710ce06a090586a625f3d682b9/micrometer-core-1.1.1.jar:/root/.gradle/caches/modules-2/files-2.1/io.dekorate/s2i-annotations/0.10.0/fc5f5393b1e263247262e279009edd46c60303e6/s2i-annotations-0.10.0.jar:/root/.gradle/caches/modules-2/files-2.1/io.dekorate/prometheus-annotations/0.10.0/30d18737b80d4a9d1f05e93ae189434e2cc9ba02/prometheus-annotations-0.10.0.jar:/root/.gradle/caches/modules-2/files-2.1/io.dekorate/dekorate-core/0.10.0/1d8b97070e35f63b40427497093e0be00a5a582e/dekorate-core-0.10.0.jar:/root/.gradle/caches/modules-2/files-2.1/org.junit.jupiter/junit-jupiter-api/5.3.2/3602b523ffae9dabc04c329d73ab39ab04b3cbe2/junit-jupiter-api-5.3.2.jar:/root/.gradle/caches/modules-2/files-2.1/org.junit.platform/junit-platform-engine/1.3.2/c54bc1d4654bd1ef15fccf512ce664184085969/junit-platform-engine-1.3.2.jar:/root/.gradle/caches/modules-2/files-2.1/org.junit.platform/junit-platform-commons/1.3.2/378d1d1b162426ad031522f6d51e3bf28d1631a4/junit-platform-commons-1.3.2.jar:/root/.gradle/caches/modules-2/files-2.1/org.apiguardian/apiguardian-api/1.0.0/3ef5276905e36f4d8055fe3cb0bdcc7503ffc85d/apiguardian-api-1.0.0.jar:/root/.gradle/caches/modules-2/files-2.1/org.springframework.boot/spring-boot-autoconfigure/2.1.1.RELEASE/b8238b78cefe6d964f996599556af9ac8669a83d/spring-boot-autoconfigure-2.1.1.RELEASE.jar:/root/.gradle/caches/modules-2/files-2.1/org.springframework.boot/spring-boot-actuator/2.1.1.RELEASE/10fc3b2d5b65bb490c0bf96aa2c016c343cd89ac/spring-boot-actuator-2.1.1.RELEASE.jar:/root/.gradle/caches/modules-2/files-2.1/org.springframework.boot/spring-boot/2.1.1.RELEASE/35a3dd576bc3ad5832d0a7d7242b3b140095727b/spring-boot-2.1.1.RELEASE.jar:/root/.gradle/caches/modules-2/files-2.1/org.springframework.boot/spring-boot-starter-logging/2.1.1.RELEASE/f0cba1cfbc46eb02a3af3555e1136ef3890a1bbf/spring-boot-starter-logging-2.1.1.RELEASE.jar:/root/.gradle/caches/modules-2/files-2.1/javax.annotation/javax.annotation-api/1.3.2/934c04d3cfef185a8008e7bf34331b79730a9d43/javax.annotation-api-1.3.2.jar:/root/.gradle/caches/modules-2/files-2.1/org.springframework/spring-context/5.1.3.RELEASE/158929623ee0166fa930e88c3e2ca86a887088c0/spring-context-5.1.3.RELEASE.jar:/root/.gradle/caches/modules-2/files-2.1/org.springframework/spring-aop/5.1.3.RELEASE/c6b69e5c73e17dd15b5a07d96ecfa2d2e7955705/spring-aop-5.1.3.RELEASE.jar:/root/.gradle/caches/modules-2/files-2.1/org.springframework/spring-beans/5.1.3.RELEASE/9a15a7c84bd12516574bcaf87ffa38c1e65e8a2b/spring-beans-5.1.3.RELEASE.jar:/root/.gradle/caches/modules-2/files-2.1/org.springframework/spring-expression/5.1.3.RELEASE/628a471a077ab80f7fd66a5f5e42e2d67e6a9607/spring-expression-5.1.3.RELEASE.jar:/root/.gradle/caches/modules-2/files-2.1/org.springframework/spring-core/5.1.3.RELEASE/b1e5325d35bfb27e42d57e9295510cad54ed8fdf/spring-core-5.1.3.RELEASE.jar:/root/.gradle/caches/modules-2/files-2.1/org.yaml/snakeyaml/1.23/ec62d74fe50689c28c0ff5b35d3aebcaa8b5be68/snakeyaml-1.23.jar:/root/.gradle/caches/modules-2/files-2.1/com.fasterxml.jackson.datatype/jackson-datatype-jdk8/2.9.7/98d8f190db07f97c64c0ea3af5792f718a6c2cc1/jackson-datatype-jdk8-2.9.7.jar:/root/.gradle/caches/modules-2/files-2.1/com.fasterxml.jackson.datatype/jackson-datatype-jsr310/2.9.7/cbd919f1ce67533e07b98dd493247e8dbabc26b2/jackson-datatype-jsr310-2.9.7.jar:/root/.gradle/caches/modules-2/files-2.1/com.fasterxml.jackson.module/jackson-module-parameter-names/2.9.7/f2bdd7696beffa2dbc5dc62cd24c3906a40ffcff/jackson-module-parameter-names-2.9.7.jar:/root/.gradle/caches/modules-2/files-2.1/com.fasterxml.jackson.core/jackson-databind/2.9.7/e6faad47abd3179666e89068485a1b88a195ceb7/jackson-databind-2.9.7.jar:/root/.gradle/caches/modules-2/files-2.1/org.apache.tomcat.embed/tomcat-embed-websocket/9.0.13/91833d914b210ee93ad20b45e127e7d15268392d/tomcat-embed-websocket-9.0.13.jar:/root/.gradle/caches/modules-2/files-2.1/org.apache.tomcat.embed/tomcat-embed-core/9.0.13/20c90a060e1e497e0c1398f59c058279a8ae203d/tomcat-embed-core-9.0.13.jar:/root/.gradle/caches/modules-2/files-2.1/org.apache.tomcat.embed/tomcat-embed-el/9.0.13/5d8b3277df6197cb03233fe407f54012f7166c65/tomcat-embed-el-9.0.13.jar:/root/.gradle/caches/modules-2/files-2.1/javax.validation/validation-api/2.0.1.Final/cb855558e6271b1b32e716d24cb85c7f583ce09e/validation-api-2.0.1.Final.jar:/root/.gradle/caches/modules-2/files-2.1/org.jboss.logging/jboss-logging/3.3.2.Final/3789d00e859632e6c6206adc0c71625559e6e3b0/jboss-logging-3.3.2.Final.jar:/root/.gradle/caches/modules-2/files-2.1/com.fasterxml/classmate/1.4.0/291658ac2ce2476256c7115943652c0accb5c857/classmate-1.4.0.jar:/root/.gradle/caches/modules-2/files-2.1/org.hdrhistogram/HdrHistogram/2.1.9/e4631ce165eb400edecfa32e03d3f1be53dee754/HdrHistogram-2.1.9.jar:/root/.gradle/caches/modules-2/files-2.1/org.latencyutils/LatencyUtils/2.0.3/769c0b82cb2421c8256300e907298a9410a2a3d3/LatencyUtils-2.0.3.jar:/root/.gradle/caches/modules-2/files-2.1/io.dekorate/dekorate-dependencies/0.10.0/a61f818a5de226aa57dd269635a537fac333ecca/dekorate-dependencies-0.10.0.jar:/root/.gradle/caches/modules-2/files-2.1/org.opentest4j/opentest4j/1.1.1/efd9f971e91074491ea55b19f67b13470cf4fcdd/opentest4j-1.1.1.jar:/root/.gradle/caches/modules-2/files-2.1/ch.qos.logback/logback-classic/1.2.3/7c4f3c474fb2c041d8028740440937705ebb473a/logback-classic-1.2.3.jar:/root/.gradle/caches/modules-2/files-2.1/org.apache.logging.log4j/log4j-to-slf4j/2.11.1/1097acadf76aa4dd721ec5807566003ae9d975de/log4j-to-slf4j-2.11.1.jar:/root/.gradle/caches/modules-2/files-2.1/org.slf4j/jul-to-slf4j/1.7.25/af5364cd6679bfffb114f0dec8a157aaa283b76/jul-to-slf4j-1.7.25.jar:/root/.gradle/caches/modules-2/files-2.1/org.springframework/spring-jcl/5.1.3.RELEASE/d332735dbc9c3f48cac59fb832c5719eb62bbe4d/spring-jcl-5.1.3.RELEASE.jar:/root/.gradle/caches/modules-2/files-2.1/com.fasterxml.jackson.core/jackson-annotations/2.9.0/7c10d545325e3a6e72e06381afe469fd40eb701/jackson-annotations-2.9.0.jar:/root/.gradle/caches/modules-2/files-2.1/com.fasterxml.jackson.core/jackson-core/2.9.7/4b7f0e0dc527fab032e9800ed231080fdc3ac015/jackson-core-2.9.7.jar:/root/.gradle/caches/modules-2/files-2.1/org.slf4j/slf4j-api/1.7.25/da76ca59f6a57ee3102f8f9bd9cee742973efa8a/slf4j-api-1.7.25.jar:/root/.gradle/caches/modules-2/files-2.1/ch.qos.logback/logback-core/1.2.3/864344400c3d4d92dfeb0a305dc87d953677c03c/logback-core-1.2.3.jar:/root/.gradle/caches/modules-2/files-2.1/org.apache.logging.log4j/log4j-api/2.11.1/268f0fe4df3eefe052b57c87ec48517d64fb2a10/log4j-api-2.11.1.jar:/root/.gradle/caches/modules-2/files-2.1/org.junit.platform/junit-platform-console/1.1.0/1ea376db54ab4ec0018c5e99d414e1c7c034387/junit-platform-console-1.1.0.jar:/root/.gradle/caches/modules-2/files-2.1/org.junit.platform/junit-platform-launcher/1.1.0/ba098edde4e59cacd9225e238ea3ad9c946684ab/junit-platform-launcher-1.1.0.jar"/>
<property name="java.class.version" value="52.0"/>
<property name="java.endorsed.dirs" value="/usr/lib/jvm/java-1.8.0-openjdk-1.8.0.242.b08-0.el7_7.x86_64/jre/lib/endorsed"/>
<property name="java.ext.dirs" value="/usr/lib/jvm/java-1.8.0-openjdk-1.8.0.242.b08-0.el7_7.x86_64/jre/lib/ext:/usr/java/packages/lib/ext"/>
<property name="java.home" value="/usr/lib/jvm/java-1.8.0-openjdk-1.8.0.242.b08-0.el7_7.x86_64/jre"/>
<property name="java.io.tmpdir" value="/tmp"/>
<property name="java.library.path" value="/usr/java/packages/lib/amd64:/usr/lib64:/lib64:/lib:/usr/lib"/>
<property name="java.runtime.name" value="OpenJDK Runtime Environment"/>
<property name="java.runtime.version" value="1.8.0_242-b08"/>
<property name="java.specification.name" value="Java Platform API Specification"/>
<property name="java.specification.vendor" value="Oracle Corporation"/>
<property name="java.specification.version" value="1.8"/>
<property name="java.vendor" value="Oracle Corporation"/>
<property name="java.vendor.url" value="http://java.oracle.com/"/>
<property name="java.vendor.url.bug" value="http://bugreport.sun.com/bugreport/"/>
<property name="java.version" value="1.8.0_242"/>
<property name="java.vm.info" value="mixed mode"/>
<property name="java.vm.name" value="OpenJDK 64-Bit Server VM"/>
<property name="java.vm.specification.name" value="Java Virtual Machine Specification"/>
<property name="java.vm.specification.vendor" value="Oracle Corporation"/>
<property name="java.vm.specification.version" value="1.8"/>
<property name="java.vm.vendor" value="Oracle Corporation"/>
<property name="java.vm.version" value="25.242-b08"/>
<property name="line.separator" value="
"/>
<property name="os.arch" value="amd64"/>
<property name="os.name" value="Linux"/>
<property name="os.version" value="3.10.0-1062.12.1.el7.x86_64"/>
<property name="path.separator" value=":"/>
<property name="sun.arch.data.model" value="64"/>
<property name="sun.boot.class.path" value="/usr/lib/jvm/java-1.8.0-openjdk-1.8.0.242.b08-0.el7_7.x86_64/jre/lib/resources.jar:/usr/lib/jvm/java-1.8.0-openjdk-1.8.0.242.b08-0.el7_7.x86_64/jre/lib/rt.jar:/usr/lib/jvm/java-1.8.0-openjdk-1.8.0.242.b08-0.el7_7.x86_64/jre/lib/sunrsasign.jar:/usr/lib/jvm/java-1.8.0-openjdk-1.8.0.242.b08-0.el7_7.x86_64/jre/lib/jsse.jar:/usr/lib/jvm/java-1.8.0-openjdk-1.8.0.242.b08-0.el7_7.x86_64/jre/lib/jce.jar:/usr/lib/jvm/java-1.8.0-openjdk-1.8.0.242.b08-0.el7_7.x86_64/jre/lib/charsets.jar:/usr/lib/jvm/java-1.8.0-openjdk-1.8.0.242.b08-0.el7_7.x86_64/jre/lib/jfr.jar:/usr/lib/jvm/java-1.8.0-openjdk-1.8.0.242.b08-0.el7_7.x86_64/jre/classes"/>
<property name="sun.boot.library.path" value="/usr/lib/jvm/java-1.8.0-openjdk-1.8.0.242.b08-0.el7_7.x86_64/jre/lib/amd64"/>
<property name="sun.cpu.endian" value="little"/>
<property name="sun.cpu.isalist" value=""/>
<property name="sun.io.unicode.encoding" value="UnicodeLittle"/>
<property name="sun.java.command" value="org.junit.platform.console.ConsoleLauncher --details NONE --scan-class-path /tmp/jak/dekorate/examples/spring-boot-with-gradle-on-openshift-example/build/classes/java/main:/tmp/jak/dekorate/examples/spring-boot-with-gradle-on-openshift-example/build/classes/groovy/main:/tmp/jak/dekorate/examples/spring-boot-with-gradle-on-openshift-example/build/resources/main:/tmp/jak/dekorate/examples/spring-boot-with-gradle-on-openshift-example/build/classes/java/test:/tmp/jak/dekorate/examples/spring-boot-with-gradle-on-openshift-example/build/classes/groovy/test:/tmp/jak/dekorate/examples/spring-boot-with-gradle-on-openshift-example/build/resources/test -n ^.*Tests?$ --reports-dir /tmp/jak/dekorate/examples/spring-boot-with-gradle-on-openshift-example/build/test-results/junit-platform"/>
<property name="sun.java.launcher" value="SUN_STANDARD"/>
<property name="sun.jnu.encoding" value="UTF-8"/>
<property name="sun.management.compiler" value="HotSpot 64-Bit Tiered Compilers"/>
<property name="sun.os.patch.level" value="unknown"/>
<property name="user.country" value="US"/>
<property name="user.dir" value="/tmp/jak/dekorate/examples/spring-boot-with-gradle-on-openshift-example"/>
<property name="user.home" value="/root"/>
<property name="user.language" value="en"/>
<property name="user.name" value="root"/>
<property name="user.timezone" value="America/Los_Angeles"/>
<property name="user.variant" value=""/>
</properties>
<system-out><![CDATA[
unique-id: [engine:junit-jupiter]
display-name: JUnit Jupiter
]]></system-out>
</testsuite>
